<?xml version="1.0" encoding="UTF-8"?>
<!-- Generated by org.testng.reporters.JUnitXMLReporter -->
<testsuite ignored="0" hostname="DESKTOP-TEPTGH9" failures="1" tests="2" name="Two" time="125.645" errors="0" timestamp="2022-11-04T09:17:51 IST">
  <testcase classname="RunnerClass_one.PAymentGateway_cardnumber_blank_1" name="cardnumber_error_message" time="24.737"/>
  <testcase classname="RunnerClass_one.PAymentGateway_CVV_field_blank_3" name="CVV_error_message" time="29.342">
    <failure type="java.lang.AssertionError" message="Error message is not match expected [Please enter valid CVV] but found [Please enter valid Expiry Date123]">
      <![CDATA[java.lang.AssertionError: Error message is not match expected [Please enter valid CVV] but found [Please enter valid Expiry Date123]
at Payment_gatwway_all_pom.Cvv_field_blank_error_message_show.CVV_error_message(Cvv_field_blank_error_message_show.java:123)
at RunnerClass_one.PAymentGateway_CVV_field_blank_3.CVV_error_message(PAymentGateway_CVV_field_blank_3.java:51)
at java.base/java.util.ArrayList.forEach(ArrayList.java:1511)
... Removed 30 stack frames]]>
    </failure>
  </testcase> <!-- CVV_error_message -->
</testsuite> <!-- Two -->
